Build started 8/1/2023 20:14:14.
     1>Project "c:\Users\Usuario\documents\visual studio 2015\Projects\updbd\updbd\updbd.vcxproj" on node 2 (Build target(s)).
     1>ClCompile:
         C:\Program Files (x86)\Microsoft Visual Studio 14.0\VC\bin\CL.exe /c /ZI /nologo /W3 /WX- /sdl /Od /Oy- /D WIN32 /D _DEBUG /D _CONSOLE /D _UNICODE /D UNICODE /Gm /EHsc /RTC1 /MDd /GS /fp:precise /Zc:wchar_t /Zc:forScope /Zc:inline /Yc"stdafx.h" /Fp"Debug\updbd.pch" /Fo"Debug\\" /Fd"Debug\vc140.pdb" /Gd /TP /analyze- /errorReport:prompt stdafx.cpp
         stdafx.cpp
         C:\Program Files (x86)\Microsoft Visual Studio 14.0\VC\bin\CL.exe /c /ZI /nologo /W3 /WX- /sdl /Od /Oy- /D WIN32 /D _DEBUG /D _CONSOLE /D _UNICODE /D UNICODE /Gm /EHsc /RTC1 /MDd /GS /fp:precise /Zc:wchar_t /Zc:forScope /Zc:inline /Yu"stdafx.h" /Fp"Debug\updbd.pch" /Fo"Debug\\" /Fd"Debug\vc140.pdb" /Gd /TP /analyze- /errorReport:prompt updbd.cpp
         updbd.cpp
     1>c:\users\usuario\documents\visual studio 2015\projects\updbd\updbd\udpbd.h(37): error C2065: '__packed__': undeclared identifier
     1>c:\users\usuario\documents\visual studio 2015\projects\updbd\updbd\udpbd.h(48): error C2065: '__packed__': undeclared identifier
     1>c:\users\usuario\documents\visual studio 2015\projects\updbd\updbd\udpbd.h(48): error C2371: '__attribute__': redefinition; different basic types
         c:\users\usuario\documents\visual studio 2015\projects\updbd\updbd\udpbd.h(37): note: see declaration of '__attribute__'
     1>c:\users\usuario\documents\visual studio 2015\projects\updbd\updbd\udpbd.h(54): error C2065: '__packed__': undeclared identifier
     1>c:\users\usuario\documents\visual studio 2015\projects\updbd\updbd\udpbd.h(54): error C2371: '__attribute__': redefinition; different basic types
         c:\users\usuario\documents\visual studio 2015\projects\updbd\updbd\udpbd.h(37): note: see declaration of '__attribute__'
     1>c:\users\usuario\documents\visual studio 2015\projects\updbd\updbd\udpbd.h(70): error C2065: '__packed__': undeclared identifier
     1>c:\users\usuario\documents\visual studio 2015\projects\updbd\updbd\udpbd.h(70): error C2371: '__attribute__': redefinition; different basic types
         c:\users\usuario\documents\visual studio 2015\projects\updbd\updbd\udpbd.h(37): note: see declaration of '__attribute__'
     1>c:\users\usuario\documents\visual studio 2015\projects\updbd\updbd\udpbd.h(75): error C2065: '__packed__': undeclared identifier
     1>c:\users\usuario\documents\visual studio 2015\projects\updbd\updbd\udpbd.h(75): error C2371: '__attribute__': redefinition; different basic types
         c:\users\usuario\documents\visual studio 2015\projects\updbd\updbd\udpbd.h(37): note: see declaration of '__attribute__'
     1>c:\users\usuario\documents\visual studio 2015\projects\updbd\updbd\udpbd.h(110): error C2065: '__packed__': undeclared identifier
     1>c:\users\usuario\documents\visual studio 2015\projects\updbd\updbd\udpbd.h(110): error C2371: '__attribute__': redefinition; different basic types
         c:\users\usuario\documents\visual studio 2015\projects\updbd\updbd\udpbd.h(37): note: see declaration of '__attribute__'
     1>c:\users\usuario\documents\visual studio 2015\projects\updbd\updbd\updbd.cpp(19): warning C4005: 'WINVER': macro redefinition
         c:\program files (x86)\windows kits\8.1\include\shared\sdkddkver.h(215): note: see previous definition of 'WINVER'
     1>c:\users\usuario\documents\visual studio 2015\projects\updbd\updbd\updbd.cpp(20): warning C4005: '_WIN32_WINNT': macro redefinition
         c:\program files (x86)\windows kits\8.1\include\shared\sdkddkver.h(200): note: see previous definition of '_WIN32_WINNT'
     1>c:\users\usuario\documents\visual studio 2015\projects\updbd\updbd\updbd.cpp(77): warning C4244: 'return': conversion from '__int64' to 'uint32_t', possible loss of data
     1>Done Building Project "c:\Users\Usuario\documents\visual studio 2015\Projects\updbd\updbd\updbd.vcxproj" (Build target(s)) -- FAILED.

Build FAILED.

Time Elapsed 00:00:10.19
